external/acsprovider/build/outputs/logs/manifest-merger-release-report.txt
-- Merging decision tree log ---
manifest
ADDED from ProcessLibraryManifest/release/tempAndroidManifest158462217844915674.xml:2:13-83
INJECTED from ProcessLibraryManifest/release/tempAndroidManifest158462217844915674.xml:2:13-83
	package
		INJECTED from ProcessLibraryManifest/release/tempAndroidManifest158462217844915674.xml
	xmlns:android
		ADDED from ProcessLibraryManifest/release/tempAndroidManifest158462217844915674.xml:2:23-81
uses-sdk
INJECTED from ProcessLibraryManifest/release/tempAndroidManifest158462217844915674.xml reason: use-sdk injection requested
INJECTED from ProcessLibraryManifest/release/tempAndroidManifest158462217844915674.xml
INJECTED from ProcessLibraryManifest/release/tempAndroidManifest158462217844915674.xml
	android:targetSdkVersion
		INJECTED from ProcessLibraryManifest/release/tempAndroidManifest158462217844915674.xml
	android:minSdkVersion
		INJECTED from ProcessLibraryManifest/release/tempAndroidManifest158462217844915674.xml